  pch.cpp
  dllmain.cpp
  Function.cpp
D:\OpenCV4\opencv\build\include\opencv2\objdetect\aruco_board.hpp(1,1): warning C4819: 该文件包含不能在当前代码页(936)中表示的字符。请将该文件保存为 Unicode 格式以防止数据丢失
D:\VS Code\Opencv\Straight_line_fitting\Pro_Line_Fit\Function.cpp(152,58): warning C4244: “参数”: 从“_Ty”转换到“_Tp”，可能丢失数据
          with
          [
              _Ty=float
          ]
          and
          [
              _Tp=int
          ]
D:\VS Code\Opencv\Straight_line_fitting\Pro_Line_Fit\Function.cpp(152,40): warning C4244: “参数”: 从“_Ty”转换到“_Tp”，可能丢失数据
          with
          [
              _Ty=float
          ]
          and
          [
              _Tp=int
          ]
D:\VS Code\Opencv\Straight_line_fitting\Pro_Line_Fit\Function.cpp(152,105): warning C4244: “参数”: 从“_Ty”转换到“_Tp”，可能丢失数据
          with
          [
              _Ty=float
          ]
          and
          [
              _Tp=int
          ]
D:\VS Code\Opencv\Straight_line_fitting\Pro_Line_Fit\Function.cpp(152,87): warning C4244: “参数”: 从“_Ty”转换到“_Tp”，可能丢失数据
          with
          [
              _Ty=float
          ]
          and
          [
              _Tp=int
          ]
D:\VS Code\Opencv\Straight_line_fitting\Pro_Line_Fit\Function.cpp(153,16): warning C4244: “初始化”: 从“double”转换到“float”，可能丢失数据
D:\VS Code\Opencv\Straight_line_fitting\Pro_Line_Fit\Function.cpp(153,61): warning C4244: “初始化”: 从“double”转换到“float”，可能丢失数据
D:\VS Code\Opencv\Straight_line_fitting\Pro_Line_Fit\Function.cpp(154,16): warning C4244: “初始化”: 从“double”转换到“float”，可能丢失数据
D:\VS Code\Opencv\Straight_line_fitting\Pro_Line_Fit\Function.cpp(154,34): warning C4244: “初始化”: 从“double”转换到“float”，可能丢失数据
D:\VS Code\Opencv\Straight_line_fitting\Pro_Line_Fit\Function.cpp(155,57): warning C4244: “参数”: 从“float”转换到“_Tp”，可能丢失数据
          with
          [
              _Tp=int
          ]
D:\VS Code\Opencv\Straight_line_fitting\Pro_Line_Fit\Function.cpp(155,33): warning C4244: “参数”: 从“float”转换到“_Tp”，可能丢失数据
          with
          [
              _Tp=int
          ]
D:\VS Code\Opencv\Straight_line_fitting\Pro_Line_Fit\Function.cpp(155,112): warning C4244: “参数”: 从“float”转换到“_Tp”，可能丢失数据
          with
          [
              _Tp=int
          ]
D:\VS Code\Opencv\Straight_line_fitting\Pro_Line_Fit\Function.cpp(155,88): warning C4244: “参数”: 从“float”转换到“_Tp”，可能丢失数据
          with
          [
              _Tp=int
          ]
D:\VS Code\Opencv\Straight_line_fitting\Pro_Line_Fit\Function.cpp(156,57): warning C4244: “参数”: 从“float”转换到“_Tp”，可能丢失数据
          with
          [
              _Tp=int
          ]
D:\VS Code\Opencv\Straight_line_fitting\Pro_Line_Fit\Function.cpp(156,33): warning C4244: “参数”: 从“float”转换到“_Tp”，可能丢失数据
          with
          [
              _Tp=int
          ]
D:\VS Code\Opencv\Straight_line_fitting\Pro_Line_Fit\Function.cpp(156,112): warning C4244: “参数”: 从“float”转换到“_Tp”，可能丢失数据
          with
          [
              _Tp=int
          ]
D:\VS Code\Opencv\Straight_line_fitting\Pro_Line_Fit\Function.cpp(156,88): warning C4244: “参数”: 从“float”转换到“_Tp”，可能丢失数据
          with
          [
              _Tp=int
          ]
D:\VS Code\Opencv\Straight_line_fitting\Pro_Line_Fit\Function.cpp(160,72): warning C4244: “参数”: 从“_Ty”转换到“_Tp”，可能丢失数据
          with
          [
              _Ty=float
          ]
          and
          [
              _Tp=int
          ]
D:\VS Code\Opencv\Straight_line_fitting\Pro_Line_Fit\Function.cpp(160,54): warning C4244: “参数”: 从“_Ty”转换到“_Tp”，可能丢失数据
          with
          [
              _Ty=float
          ]
          and
          [
              _Tp=int
          ]
D:\VS Code\Opencv\Straight_line_fitting\Pro_Line_Fit\Function.cpp(161,72): warning C4244: “参数”: 从“_Ty”转换到“_Tp”，可能丢失数据
          with
          [
              _Ty=float
          ]
          and
          [
              _Tp=int
          ]
D:\VS Code\Opencv\Straight_line_fitting\Pro_Line_Fit\Function.cpp(161,54): warning C4244: “参数”: 从“_Ty”转换到“_Tp”，可能丢失数据
          with
          [
              _Ty=float
          ]
          and
          [
              _Tp=int
          ]
D:\VS Code\Opencv\Straight_line_fitting\Pro_Line_Fit\Function.cpp(406,29): warning C4244: “=”: 从“double”转换到“_Ty”，可能丢失数据
          with
          [
              _Ty=float
          ]
  Linefit_processing.cpp
D:\OpenCV4\opencv\build\include\opencv2\objdetect\aruco_board.hpp(1,1): warning C4819: 该文件包含不能在当前代码页(936)中表示的字符。请将该文件保存为 Unicode 格式以防止数据丢失
    正在创建库 D:\VS Code\Opencv\Straight_line_fitting\Pro_Line_Fit\x64\Release\Pro_Line_Fit.lib 和对象 D:\VS Code\Opencv\Straight_line_fitting\Pro_Line_Fit\x64\Release\Pro_Line_Fit.exp
  正在生成代码
  Previous IPDB not found, fall back to full compilation.
  All 416 functions were compiled because no usable IPDB/IOBJ from previous compilation was found.
  已完成代码的生成
  Pro_Line_Fit.vcxproj -> D:\VS Code\Opencv\Straight_line_fitting\Pro_Line_Fit\x64\Release\Pro_Line_Fit.dll
