Initial start time: 11:40:11 ¤U¤Č 
  Axis ID indexing mode : CONTINUE 
  Fieldbus axis ID indexing mode : CONTINUE 

  Init DevType 0, Found 0, Status: Good 
  Init DevType 1, Found 0, Status: Good 
  Init DevType 2, Found 0, Status: Good 
  Init DevType 3, Found 0, Status: Good 
  Init DevType 4, Found 0, Status: Good 
  Init DevType 5, Found 1, Status: Good 
  Init DevType 6, Found 0, Status: Good 
  Init DevType 7, Found 0, Status: Good 
  Init DevType 8, Found 0, Status: Good 
  
Total 1 device found.
  
Devices initial process. 
   Driver Ver: 1009171 
   Config Device idx: 0, status: Good 
  
Sorted Device
  
Sorted Device. status: Good 
  
Config Axes process.
Initial success. BoardID_InBits: 0x0001
